<?xml version="1.0" encoding="UTF-8"?>
<!-- Generated by org.testng.reporters.JUnitXMLReporter -->
<testsuite ignored="0" hostname="Thinkpad-PC" failures="0" tests="1" name="Banking App test" time="0.272" errors="0" timestamp="2024-07-20T14:36:11 IST">
  <testcase classname="com.inetBanking.testCases.BaseClass" name="@BeforeClass Setup" time="-1.721466370855E9">
    <failure type="org.testng.TestNGException" message="
Parameter &amp;apos;Browser&amp;apos; is required by BeforeClass on method Setup but has not been marked @Optional or defined
in C:\Users\User\eclipse-workspace\inetBanking\TestNG..xml">
      <![CDATA[org.testng.TestNGException: 
Parameter 'Browser' is required by BeforeClass on method Setup but has not been marked @Optional or defined
in C:\Users\User\eclipse-workspace\inetBanking\TestNG..xml
at java.base/java.util.ArrayList.forEach(ArrayList.java:1511)
... Removed 22 stack frames]]>
    </failure>
  </testcase> <!-- @BeforeClass Setup -->
  <testcase classname="com.inetBanking.testCases.BaseClass" name="@AfterClass tearDown" time="0.0">
    <skipped/>
  </testcase> <!-- @AfterClass tearDown -->
  <testcase classname="com.inetBanking.testCases.TestCase1" name="loginTest" time="0.001">
    <skipped/>
  </testcase> <!-- loginTest -->
</testsuite> <!-- Banking App test -->
